<?xml version="1.0" encoding="UTF-8"?>
<testsuite xmlns:xsi="http://www.w3.org/2001/XMLSchema-instance" xsi:noNamespaceSchemaLocation="https://maven.apache.org/surefire/maven-surefire-plugin/xsd/surefire-test-report-3.0.xsd" version="3.0" name="ProductServiceImplTest" time="1.321" tests="6" errors="0" skipped="0" failures="0">
  <properties>
[...]
</properties>
  <testcase name="testFindAll" classname="ProductServiceImplTest" time="1.234"/>
  <testcase name="testFindById_found" classname="ProductServiceImplTest" time="0.009"/>
  <testcase name="testUpdate_success" classname="ProductServiceImplTest" time="0.02"/>
  <testcase name="testCreate" classname="ProductServiceImplTest" time="0.004"/>
  <testcase name="testDelete" classname="ProductServiceImplTest" time="0.004"/>
  <testcase name="testFindById_notFound" classname="ProductServiceImplTest" time="0.005"/>
</testsuite>